# JRE version: OpenJDK Runtime Environment (17.0.1+12) (build 17.0.1+12-39)
# Java VM: OpenJDK 64-Bit Server VM (17.0.1+12-39, mixed mode, sharing, tiered, compressed oops, compressed class ptrs, g1 gc, windows-amd64)
GC Precious Log:
 CPUs: 4 total, 4 available
 Memory: 5727M
 Large Page Support: Disabled
 NUMA Support: Disabled
 Compressed Oops: Enabled (32-bit)
 Heap Region Size: 1M
 Heap Min Capacity: 8M
 Heap Initial Capacity: 90M
 Heap Max Capacity: 1432M
 Pre-touch: Disabled
 Parallel Workers: 4
 Concurrent Workers: 1
 Concurrent Refinement Workers: 4
 Periodic GC: Disabled
Heap:
 garbage-first heap   total 92160K, used 24606K [0x00000000a6800000, 0x0000000100000000)
  region size 1024K, 19 young (19456K), 4 survivors (4096K)
 Metaspace       used 16232K, committed 16512K, reserved 1064960K
  class space    used 2225K, committed 2368K, reserved 1048576K
GC Heap History (6 events):
Event: 1.050 GC heap before
{Heap before GC invocations=0 (full 0):
 garbage-first heap   total 92160K, used 13312K [0x00000000a6800000, 0x0000000100000000)
  region size 1024K, 13 young (13312K), 0 survivors (0K)
 Metaspace       used 2635K, committed 2816K, reserved 1056768K
  class space    used 283K, committed 384K, reserved 1048576K
}
Event: 1.059 GC heap after
{Heap after GC invocations=1 (full 0):
 garbage-first heap   total 92160K, used 1744K [0x00000000a6800000, 0x0000000100000000)
  region size 1024K, 2 young (2048K), 2 survivors (2048K)
 Metaspace       used 2635K, committed 2816K, reserved 1056768K
  class space    used 283K, committed 384K, reserved 1048576K
}
Event: 2.338 GC heap before
{Heap before GC invocations=1 (full 0):
 garbage-first heap   total 92160K, used 18128K [0x00000000a6800000, 0x0000000100000000)
  region size 1024K, 19 young (19456K), 2 survivors (2048K)
 Metaspace       used 8502K, committed 8704K, reserved 1056768K
  class space    used 1065K, committed 1152K, reserved 1048576K
}
Event: 2.349 GC heap after
{Heap after GC invocations=2 (full 0):
 garbage-first heap   total 92160K, used 5040K [0x00000000a6800000, 0x0000000100000000)
  region size 1024K, 3 young (3072K), 3 survivors (3072K)
 Metaspace       used 8502K, committed 8704K, reserved 1056768K
  class space    used 1065K, committed 1152K, reserved 1048576K
}
Event: 7.610 GC heap before
{Heap before GC invocations=2 (full 0):
 garbage-first heap   total 92160K, used 30640K [0x00000000a6800000, 0x0000000100000000)
  region size 1024K, 26 young (26624K), 3 survivors (3072K)
 Metaspace       used 14035K, committed 14336K, reserved 1064960K
  class space    used 1824K, committed 1984K, reserved 1048576K
}
Event: 7.619 GC heap after
{Heap after GC invocations=3 (full 0):
 garbage-first heap   total 92160K, used 10270K [0x00000000a6800000, 0x0000000100000000)
  region size 1024K, 4 young (4096K), 4 survivors (4096K)
 Metaspace       used 14035K, committed 14336K, reserved 1064960K
  class space    used 1824K, committed 1984K, reserved 1048576K
}

