<?xml version="1.0" encoding="UTF-8"?>
<testsuite xmlns:xsi="http://www.w3.org/2001/XMLSchema-instance" xsi:noNamespaceSchemaLocation="https://maven.apache.org/surefire/maven-surefire-plugin/xsd/surefire-test-report-3.0.xsd" version="3.0" name="com.bestgroup.calendar.AppHelperTest" time="0.366" tests="10" errors="0" skipped="0" failures="0">
  <properties>
[...]
</properties>
  <testcase name="getWeekMatrix" classname="com.bestgroup.calendar.AppHelperTest" time="0.15"/>
  <testcase name="getMonthCode" classname="com.bestgroup.calendar.AppHelperTest" time="0.002"/>
  <testcase name="getFullDate" classname="com.bestgroup.calendar.AppHelperTest" time="0.007"/>
  <testcase name="plusDay" classname="com.bestgroup.calendar.AppHelperTest" time="0.001"/>
  <testcase name="getMonthAndDay" classname="com.bestgroup.calendar.AppHelperTest" time="0.037"/>
  <testcase name="getYear" classname="com.bestgroup.calendar.AppHelperTest" time="0.002"/>
  <testcase name="getMonthNumber" classname="com.bestgroup.calendar.AppHelperTest" time="0.002"/>
  <testcase name="getDayOfWeekNum" classname="com.bestgroup.calendar.AppHelperTest" time="0.004"/>
  <testcase name="getYearCode" classname="com.bestgroup.calendar.AppHelperTest" time="0.002"/>
  <testcase name="getNumOfDaysInMonth" classname="com.bestgroup.calendar.AppHelperTest" time="0.011"/>
</testsuite>